{"children":[{"children":[{"children":[],"testCaseObject":{"result":"PASSED","numOrder":1,"testCase":"AddUserWrongTest"},"killTime":0.378,"cloneTime":0},{"children":[],"testCaseObject":{"result":"PASSED","numOrder":27,"testCase":"UpdateUserTest"},"killTime":0.386,"cloneTime":0},{"children":[],"testCaseObject":{"result":"PASSED","numOrder":28,"testCase":"UpdateUserEmptyTest"},"killTime":0.406,"cloneTime":0},{"children":[{"children":[{"children":[],"testCaseObject":{"result":"PASSED","numOrder":36,"testCase":"DeleteMultipleUsersTest"},"killTime":1.852,"cloneTime":0}],"testCaseObject":{"result":"PASSED","numOrder":35,"testCase":"AddMultipleUsersTest"},"killTime":0,"cloneTime":0}],"testCaseObject":{"result":"PASSED","numOrder":32,"testCase":"DeleteUserTest"},"killTime":0,"cloneTime":0}],"testCaseObject":{"result":"PASSED","numOrder":0,"testCase":"AddUserTest"},"killTime":0.008,"cloneTime":8.214},{"children":[],"testCaseObject":{"result":"PASSED","numOrder":2,"testCase":"AddUserEmptyTest"},"killTime":0.374,"cloneTime":0},{"children":[{"children":[],"testCaseObject":{"result":"PASSED","numOrder":4,"testCase":"AddProjectWrongTest"},"killTime":0.327,"cloneTime":0},{"children":[{"children":[],"testCaseObject":{"result":"PASSED","numOrder":7,"testCase":"AddCategoryWrongTest"},"killTime":0.331,"cloneTime":0},{"children":[{"children":[],"testCaseObject":{"result":"PASSED","numOrder":12,"testCase":"ViewSummaryIssueTest"},"killTime":0.368,"cloneTime":0},{"children":[],"testCaseObject":{"result":"PASSED","numOrder":13,"testCase":"UpdateIssuePriorityTest"},"killTime":0.37,"cloneTime":0},{"children":[],"testCaseObject":{"result":"PASSED","numOrder":14,"testCase":"UpdateIssueSeverityTest"},"killTime":0.361,"cloneTime":0},{"children":[{"children":[],"testCaseObject":{"result":"FAILED","numOrder":15,"stackTrace":"\norg.openqa.selenium.NoSuchElementException: no such element: Unable to locate element: {\"method\":\"name\",\"selector\":\"username\"}\n  (Session info: headless chrome=72.0.3626.119)\n  (Driver info: chromedriver=2.46.628388 (4a34a70827ac54148e092aafb70504c4ea7ae926),platform=Linux 4.4.0-131-generic x86_64) (WARNING: The server did not provide any stacktrace information)\nCommand duration or timeout: 30.08 seconds\nFor documentation on this error, please visit: http://seleniumhq.org/exceptions/no_such_element.html\nBuild info: version: '3.4.0', revision: 'unknown', time: 'unknown'\nSystem info: host: 'anonymous', ip: '127.0.1.1', os.name: 'Linux', os.arch: 'amd64', os.version: '4.4.0-131-generic', java.version: '1.8.0_201'\nDriver info: org.openqa.selenium.chrome.ChromeDriver\nCapabilities [{mobileEmulationEnabled=false, timeouts={implicit=0.0, pageLoad=300000.0, script=30000.0}, hasTouchScreen=false, platform=LINUX, acceptSslCerts=false, goog:chromeOptions={debuggerAddress=localhost:46555}, acceptInsecureCerts=false, webStorageEnabled=true, browserName=chrome, takesScreenshot=true, javascriptEnabled=true, setWindowRect=true, unexpectedAlertBehaviour=ignore, applicationCacheEnabled=false, rotatable=false, networkConnectionEnabled=false, chrome={chromedriverVersion=2.46.628388 (4a34a70827ac54148e092aafb70504c4ea7ae926), userDataDir=/tmp/.org.chromium.Chromium.2VCm79}, takesHeapSnapshot=true, pageLoadStrategy=normal, strictFileInteractability=false, databaseEnabled=false, handlesAlerts=true, version=72.0.3626.119, browserConnectionEnabled=false, proxy=Proxy(), nativeEvents=true, locationContextEnabled=true, cssSelectorsEnabled=true}]\nSession ID: 5cef97e48e499a465e109d2c5df02655\n*** Element info: {Using=name, value=username}\n\tat sun.reflect.NativeConstructorAccessorImpl.newInstance0(Native Method)\n\tat sun.reflect.NativeConstructorAccessorImpl.newInstance(NativeConstructorAccessorImpl.java:62)\n\tat sun.reflect.DelegatingConstructorAccessorImpl.newInstance(DelegatingConstructorAccessorImpl.java:45)\n\tat java.lang.reflect.Constructor.newInstance(Constructor.java:423)\n\tat org.openqa.selenium.remote.ErrorHandler.createThrowable(ErrorHandler.java:215)\n\tat org.openqa.selenium.remote.ErrorHandler.throwIfResponseFailed(ErrorHandler.java:167)\n\tat org.openqa.selenium.remote.RemoteWebDriver.execute(RemoteWebDriver.java:671)\n\tat org.openqa.selenium.remote.RemoteWebDriver.findElement(RemoteWebDriver.java:410)\n\tat org.openqa.selenium.remote.RemoteWebDriver.findElementByName(RemoteWebDriver.java:485)\n\tat org.openqa.selenium.By$ByName.findElement(By.java:303)\n\tat org.openqa.selenium.remote.RemoteWebDriver.findElement(RemoteWebDriver.java:402)\n\tat tests.UpdateIssueStatusNewTest.testMantisBTUpdateIssueStatusNew(UpdateIssueStatusNewTest.java:32)\n\tat sun.reflect.NativeMethodAccessorImpl.invoke0(Native Method)\n\tat sun.reflect.NativeMethodAccessorImpl.invoke(NativeMethodAccessorImpl.java:62)\n\tat sun.reflect.DelegatingMethodAccessorImpl.invoke(DelegatingMethodAccessorImpl.java:43)\n\tat java.lang.reflect.Method.invoke(Method.java:498)\n\tat org.testng.internal.MethodInvocationHelper.invokeMethod(MethodInvocationHelper.java:134)\n\tat org.testng.internal.TestInvoker.invokeMethod(TestInvoker.java:597)\n\tat org.testng.internal.TestInvoker.invokeTestMethod(TestInvoker.java:173)\n\tat org.testng.internal.MethodRunner.runInSequence(MethodRunner.java:46)\n\tat org.testng.internal.TestInvoker$MethodInvocationAgent.invoke(TestInvoker.java:816)\n\tat org.testng.internal.TestInvoker.invokeTestMethods(TestInvoker.java:146)\n\tat org.testng.internal.TestMethodWorker.invokeTestMethods(TestMethodWorker.java:146)\n\tat org.testng.internal.TestMethodWorker.run(TestMethodWorker.java:128)\n\tat java.util.ArrayList.forEach(ArrayList.java:1257)\n\tat org.testng.TestRunner.privateRun(TestRunner.java:766)\n\tat org.testng.TestRunner.run(TestRunner.java:587)\n\tat org.testng.SuiteRunner.runTest(SuiteRunner.java:384)\n\tat org.testng.SuiteRunner.runSequentially(SuiteRunner.java:378)\n\tat org.testng.SuiteRunner.privateRun(SuiteRunner.java:337)\n\tat org.testng.SuiteRunner.run(SuiteRunner.java:286)\n\tat org.testng.SuiteRunnerWorker.runSuite(SuiteRunnerWorker.java:53)\n\tat org.testng.SuiteRunnerWorker.run(SuiteRunnerWorker.java:96)\n\tat org.testng.TestNG.runSuitesSequentially(TestNG.java:1187)\n\tat org.testng.TestNG.runSuitesLocally(TestNG.java:1109)\n\tat org.testng.TestNG.runSuites(TestNG.java:1039)\n\tat org.testng.TestNG.run(TestNG.java:1007)\n\tat org.olianda.treeparallelizer.execution.testcases.RemotePrestartedTestNGExecutor.main(RemotePrestartedTestNGExecutor.java:82)\n","testCase":"UpdateIssueStatusNewTest"},"killTime":0.3,"cloneTime":0},{"children":[],"testCaseObject":{"result":"FAILED","numOrder":16,"stackTrace":"\norg.openqa.selenium.NoSuchElementException: no such element: Unable to locate element: {\"method\":\"name\",\"selector\":\"username\"}\n  (Session info: headless chrome=72.0.3626.119)\n  (Driver info: chromedriver=2.46.628388 (4a34a70827ac54148e092aafb70504c4ea7ae926),platform=Linux 4.4.0-131-generic x86_64) (WARNING: The server did not provide any stacktrace information)\nCommand duration or timeout: 30.04 seconds\nFor documentation on this error, please visit: http://seleniumhq.org/exceptions/no_such_element.html\nBuild info: version: '3.4.0', revision: 'unknown', time: 'unknown'\nSystem info: host: 'anonymous', ip: '127.0.1.1', os.name: 'Linux', os.arch: 'amd64', os.version: '4.4.0-131-generic', java.version: '1.8.0_201'\nDriver info: org.openqa.selenium.chrome.ChromeDriver\nCapabilities [{mobileEmulationEnabled=false, timeouts={implicit=0.0, pageLoad=300000.0, script=30000.0}, hasTouchScreen=false, platform=LINUX, acceptSslCerts=false, goog:chromeOptions={debuggerAddress=localhost:38724}, acceptInsecureCerts=false, webStorageEnabled=true, browserName=chrome, takesScreenshot=true, javascriptEnabled=true, setWindowRect=true, unexpectedAlertBehaviour=ignore, applicationCacheEnabled=false, rotatable=false, networkConnectionEnabled=false, chrome={chromedriverVersion=2.46.628388 (4a34a70827ac54148e092aafb70504c4ea7ae926), userDataDir=/tmp/.org.chromium.Chromium.udXmn8}, takesHeapSnapshot=true, pageLoadStrategy=normal, strictFileInteractability=false, databaseEnabled=false, handlesAlerts=true, version=72.0.3626.119, browserConnectionEnabled=false, proxy=Proxy(), nativeEvents=true, locationContextEnabled=true, cssSelectorsEnabled=true}]\nSession ID: 4e01a919bc579bd20db931524878774f\n*** Element info: {Using=name, value=username}\n\tat sun.reflect.NativeConstructorAccessorImpl.newInstance0(Native Method)\n\tat sun.reflect.NativeConstructorAccessorImpl.newInstance(NativeConstructorAccessorImpl.java:62)\n\tat sun.reflect.DelegatingConstructorAccessorImpl.newInstance(DelegatingConstructorAccessorImpl.java:45)\n\tat java.lang.reflect.Constructor.newInstance(Constructor.java:423)\n\tat org.openqa.selenium.remote.ErrorHandler.createThrowable(ErrorHandler.java:215)\n\tat org.openqa.selenium.remote.ErrorHandler.throwIfResponseFailed(ErrorHandler.java:167)\n\tat org.openqa.selenium.remote.RemoteWebDriver.execute(RemoteWebDriver.java:671)\n\tat org.openqa.selenium.remote.RemoteWebDriver.findElement(RemoteWebDriver.java:410)\n\tat org.openqa.selenium.remote.RemoteWebDriver.findElementByName(RemoteWebDriver.java:485)\n\tat org.openqa.selenium.By$ByName.findElement(By.java:303)\n\tat org.openqa.selenium.remote.RemoteWebDriver.findElement(RemoteWebDriver.java:402)\n\tat tests.UpdateIssueStatusFeedbackTest.testMantisBTUpdateIssueStatusFeedback(UpdateIssueStatusFeedbackTest.java:32)\n\tat sun.reflect.NativeMethodAccessorImpl.invoke0(Native Method)\n\tat sun.reflect.NativeMethodAccessorImpl.invoke(NativeMethodAccessorImpl.java:62)\n\tat sun.reflect.DelegatingMethodAccessorImpl.invoke(DelegatingMethodAccessorImpl.java:43)\n\tat java.lang.reflect.Method.invoke(Method.java:498)\n\tat org.testng.internal.MethodInvocationHelper.invokeMethod(MethodInvocationHelper.java:134)\n\tat org.testng.internal.TestInvoker.invokeMethod(TestInvoker.java:597)\n\tat org.testng.internal.TestInvoker.invokeTestMethod(TestInvoker.java:173)\n\tat org.testng.internal.MethodRunner.runInSequence(MethodRunner.java:46)\n\tat org.testng.internal.TestInvoker$MethodInvocationAgent.invoke(TestInvoker.java:816)\n\tat org.testng.internal.TestInvoker.invokeTestMethods(TestInvoker.java:146)\n\tat org.testng.internal.TestMethodWorker.invokeTestMethods(TestMethodWorker.java:146)\n\tat org.testng.internal.TestMethodWorker.run(TestMethodWorker.java:128)\n\tat java.util.ArrayList.forEach(ArrayList.java:1257)\n\tat org.testng.TestRunner.privateRun(TestRunner.java:766)\n\tat org.testng.TestRunner.run(TestRunner.java:587)\n\tat org.testng.SuiteRunner.runTest(SuiteRunner.java:384)\n\tat org.testng.SuiteRunner.runSequentially(SuiteRunner.java:378)\n\tat org.testng.SuiteRunner.privateRun(SuiteRunner.java:337)\n\tat org.testng.SuiteRunner.run(SuiteRunner.java:286)\n\tat org.testng.SuiteRunnerWorker.runSuite(SuiteRunnerWorker.java:53)\n\tat org.testng.SuiteRunnerWorker.run(SuiteRunnerWorker.java:96)\n\tat org.testng.TestNG.runSuitesSequentially(TestNG.java:1187)\n\tat org.testng.TestNG.runSuitesLocally(TestNG.java:1109)\n\tat org.testng.TestNG.runSuites(TestNG.java:1039)\n\tat org.testng.TestNG.run(TestNG.java:1007)\n\tat org.olianda.treeparallelizer.execution.testcases.RemotePrestartedTestNGExecutor.main(RemotePrestartedTestNGExecutor.java:82)\n","testCase":"UpdateIssueStatusFeedbackTest"},"killTime":0.321,"cloneTime":0},{"children":[],"testCaseObject":{"result":"PASSED","numOrder":17,"testCase":"UpdateIssueStatusAcknowledgedTest"},"killTime":0.377,"cloneTime":0},{"children":[],"testCaseObject":{"result":"PASSED","numOrder":18,"testCase":"UpdateIssueStatusConfirmedTest"},"killTime":0.347,"cloneTime":0},{"children":[],"testCaseObject":{"result":"PASSED","numOrder":19,"testCase":"UpdateIssueStatusAssignedTest"},"killTime":0.332,"cloneTime":0},{"children":[],"testCaseObject":{"result":"PASSED","numOrder":20,"testCase":"UpdateIssueStatusResolvedTest"},"killTime":0.307,"cloneTime":0}],"testCaseObject":{"result":"PASSED","numOrder":11,"testCase":"AssignIssueTest"},"killTime":0.002,"cloneTime":14.235},{"children":[],"testCaseObject":{"result":"PASSED","numOrder":21,"testCase":"UpdateIssueSummaryTest"},"killTime":0.873,"cloneTime":0},{"children":[],"testCaseObject":{"result":"PASSED","numOrder":30,"testCase":"DeleteIssueTest"},"killTime":1.24,"cloneTime":0}],"testCaseObject":{"result":"PASSED","numOrder":9,"testCase":"AddIssueTest"},"killTime":0.002,"cloneTime":11.435},{"children":[],"testCaseObject":{"result":"PASSED","numOrder":25,"testCase":"UpdateCategoryTest"},"killTime":0.764,"cloneTime":0},{"children":[],"testCaseObject":{"result":"PASSED","numOrder":26,"testCase":"UpdateCategoryEmptyTest"},"killTime":1.747,"cloneTime":0},{"children":[],"testCaseObject":{"result":"PASSED","numOrder":29,"testCase":"DeleteCategoryTest"},"killTime":0.902,"cloneTime":0}],"testCaseObject":{"result":"PASSED","numOrder":6,"testCase":"AddCategoryTest"},"killTime":0.059,"cloneTime":9.56},{"children":[],"testCaseObject":{"result":"PASSED","numOrder":8,"testCase":"AddCategoryEmptyTest"},"killTime":0.353,"cloneTime":0},{"children":[],"testCaseObject":{"result":"PASSED","numOrder":10,"testCase":"AddIssueEmptyTest"},"killTime":0.384,"cloneTime":0},{"children":[],"testCaseObject":{"result":"PASSED","numOrder":22,"testCase":"UpdateProjectDescriptionTest"},"killTime":0.969,"cloneTime":0},{"children":[],"testCaseObject":{"result":"PASSED","numOrder":23,"testCase":"UpdateProjectStatusTest"},"killTime":1.487,"cloneTime":0},{"children":[],"testCaseObject":{"result":"PASSED","numOrder":24,"testCase":"UpdateProjectViewStatusTest"},"killTime":2.515,"cloneTime":0},{"children":[{"children":[{"children":[{"children":[{"children":[],"testCaseObject":{"result":"PASSED","numOrder":40,"testCase":"DeleteMultipleSubprojectsTest"},"killTime":0.294,"cloneTime":0}],"testCaseObject":{"result":"PASSED","numOrder":39,"testCase":"LinkMultipleSubprojectsTest"},"killTime":0,"cloneTime":0}],"testCaseObject":{"result":"PASSED","numOrder":38,"testCase":"UnlinkMultipleSubprojectsTest"},"killTime":0,"cloneTime":0}],"testCaseObject":{"result":"PASSED","numOrder":37,"testCase":"AddMultipleSubprojectsTest"},"killTime":0,"cloneTime":0}],"testCaseObject":{"result":"PASSED","numOrder":31,"testCase":"DeleteProjectTest"},"killTime":0,"cloneTime":0}],"testCaseObject":{"result":"PASSED","numOrder":3,"testCase":"AddProjectTest"},"killTime":0.018,"cloneTime":18.278},{"children":[],"testCaseObject":{"result":"PASSED","numOrder":5,"testCase":"AddProjectEmptyTest"},"killTime":0.863,"cloneTime":0},{"children":[],"testCaseObject":{"result":"PASSED","numOrder":33,"testCase":"LoginNegativeTest"},"killTime":0.339,"cloneTime":0},{"children":[],"testCaseObject":{"result":"PASSED","numOrder":34,"testCase":"LogoutTest"},"killTime":0.644,"cloneTime":0}],"testCaseObject":{"result":"NOTEXEC","numOrder":-1,"testCase":"root"},"killTime":0,"cloneTime":18.9}