{"children":[{"children":[{"children":[],"testCaseObject":{"result":"PASSED","numOrder":1,"testCase":"SearchUserTest"},"killTime":0.399,"cloneTime":0},{"children":[],"testCaseObject":{"result":"PASSED","numOrder":2,"testCase":"LoginUserTest"},"killTime":0.36,"cloneTime":0},{"children":[{"children":[{"children":[{"children":[{"children":[{"children":[{"children":[],"testCaseObject":{"result":"PASSED","numOrder":11,"testCase":"ViewProfileStatisticsUserTest"},"killTime":0.36,"cloneTime":0}],"testCaseObject":{"result":"PASSED","numOrder":10,"testCase":"DoCourseExerciseQuestionsTest"},"killTime":0,"cloneTime":0},{"children":[{"children":[{"children":[],"testCaseObject":{"result":"FAILED","numOrder":18,"stackTrace":"\norg.openqa.selenium.NoSuchElementException: no such element: Unable to locate element: {\"method\":\"link text\",\"selector\":\"001 - Course001\"}\n  (Session info: headless chrome=72.0.3626.119)\n  (Driver info: chromedriver=2.46.628388 (4a34a70827ac54148e092aafb70504c4ea7ae926),platform=Linux 4.4.0-131-generic x86_64) (WARNING: The server did not provide any stacktrace information)\nCommand duration or timeout: 0 milliseconds\nFor documentation on this error, please visit: https://www.seleniumhq.org/exceptions/no_such_element.html\nBuild info: version: '3.141.59', revision: 'e82be7d358', time: '2018-11-14T08:17:03'\nSystem info: host: 'anonymous', ip: '127.0.1.1', os.name: 'Linux', os.arch: 'amd64', os.version: '4.4.0-131-generic', java.version: '1.8.0_201'\nDriver info: org.openqa.selenium.chrome.ChromeDriver\nCapabilities {acceptInsecureCerts: false, acceptSslCerts: false, applicationCacheEnabled: false, browserConnectionEnabled: false, browserName: chrome, chrome: {chromedriverVersion: 2.46.628388 (4a34a70827ac54..., userDataDir: /tmp/.org.chromium.Chromium...}, cssSelectorsEnabled: true, databaseEnabled: false, goog:chromeOptions: {debuggerAddress: localhost:42742}, handlesAlerts: true, hasTouchScreen: false, javascriptEnabled: true, locationContextEnabled: true, mobileEmulationEnabled: false, nativeEvents: true, networkConnectionEnabled: false, pageLoadStrategy: normal, platform: LINUX, platformName: LINUX, proxy: Proxy(), rotatable: false, setWindowRect: true, strictFileInteractability: false, takesHeapSnapshot: true, takesScreenshot: true, timeouts: {implicit: 0, pageLoad: 300000, script: 30000}, unexpectedAlertBehaviour: ignore, unhandledPromptBehavior: ignore, version: 72.0.3626.119, webStorageEnabled: true}\nSession ID: 8e36effbc3dda9ed6c4d6fc758d166f5\n*** Element info: {Using=link text, value=001 - Course001}\n\tat sun.reflect.NativeConstructorAccessorImpl.newInstance0(Native Method)\n\tat sun.reflect.NativeConstructorAccessorImpl.newInstance(NativeConstructorAccessorImpl.java:62)\n\tat sun.reflect.DelegatingConstructorAccessorImpl.newInstance(DelegatingConstructorAccessorImpl.java:45)\n\tat java.lang.reflect.Constructor.newInstance(Constructor.java:423)\n\tat org.openqa.selenium.remote.ErrorHandler.createThrowable(ErrorHandler.java:214)\n\tat org.openqa.selenium.remote.ErrorHandler.throwIfResponseFailed(ErrorHandler.java:166)\n\tat org.openqa.selenium.remote.http.JsonHttpResponseCodec.reconstructValue(JsonHttpResponseCodec.java:40)\n\tat org.openqa.selenium.remote.http.AbstractHttpResponseCodec.decode(AbstractHttpResponseCodec.java:80)\n\tat org.openqa.selenium.remote.http.AbstractHttpResponseCodec.decode(AbstractHttpResponseCodec.java:44)\n\tat org.openqa.selenium.remote.HttpCommandExecutor.execute(HttpCommandExecutor.java:158)\n\tat org.openqa.selenium.remote.service.DriverCommandExecutor.execute(DriverCommandExecutor.java:83)\n\tat org.openqa.selenium.remote.RemoteWebDriver.execute(RemoteWebDriver.java:552)\n\tat org.openqa.selenium.remote.RemoteWebDriver.findElement(RemoteWebDriver.java:323)\n\tat org.openqa.selenium.remote.RemoteWebDriver.findElementByLinkText(RemoteWebDriver.java:380)\n\tat org.openqa.selenium.By$ByLinkText.findElement(By.java:220)\n\tat org.openqa.selenium.remote.RemoteWebDriver.findElement(RemoteWebDriver.java:315)\n\tat tests.DoCourseExerciseQuestionsMultipleUsersTest.testClarolineDoCourseExerciseQuestionsMultipleUsers(DoCourseExerciseQuestionsMultipleUsersTest.java:52)\n\tat sun.reflect.NativeMethodAccessorImpl.invoke0(Native Method)\n\tat sun.reflect.NativeMethodAccessorImpl.invoke(NativeMethodAccessorImpl.java:62)\n\tat sun.reflect.DelegatingMethodAccessorImpl.invoke(DelegatingMethodAccessorImpl.java:43)\n\tat java.lang.reflect.Method.invoke(Method.java:498)\n\tat org.testng.internal.MethodInvocationHelper.invokeMethod(MethodInvocationHelper.java:134)\n\tat org.testng.internal.TestInvoker.invokeMethod(TestInvoker.java:597)\n\tat org.testng.internal.TestInvoker.invokeTestMethod(TestInvoker.java:173)\n\tat org.testng.internal.MethodRunner.runInSequence(MethodRunner.java:46)\n\tat org.testng.internal.TestInvoker$MethodInvocationAgent.invoke(TestInvoker.java:816)\n\tat org.testng.internal.TestInvoker.invokeTestMethods(TestInvoker.java:146)\n\tat org.testng.internal.TestMethodWorker.invokeTestMethods(TestMethodWorker.java:146)\n\tat org.testng.internal.TestMethodWorker.run(TestMethodWorker.java:128)\n\tat java.util.ArrayList.forEach(ArrayList.java:1257)\n\tat org.testng.TestRunner.privateRun(TestRunner.java:766)\n\tat org.testng.TestRunner.run(TestRunner.java:587)\n\tat org.testng.SuiteRunner.runTest(SuiteRunner.java:384)\n\tat org.testng.SuiteRunner.runSequentially(SuiteRunner.java:378)\n\tat org.testng.SuiteRunner.privateRun(SuiteRunner.java:337)\n\tat org.testng.SuiteRunner.run(SuiteRunner.java:286)\n\tat org.testng.SuiteRunnerWorker.runSuite(SuiteRunnerWorker.java:53)\n\tat org.testng.SuiteRunnerWorker.run(SuiteRunnerWorker.java:96)\n\tat org.testng.TestNG.runSuitesSequentially(TestNG.java:1187)\n\tat org.testng.TestNG.runSuitesLocally(TestNG.java:1109)\n\tat org.testng.TestNG.runSuites(TestNG.java:1039)\n\tat org.testng.TestNG.run(TestNG.java:1007)\n\tat org.olianda.treeparallelizer.execution.testcases.RemotePrestartedTestNGExecutor.main(RemotePrestartedTestNGExecutor.java:78)\n","testCase":"DoCourseExerciseQuestionsMultipleUsersTest"},"killTime":0.287,"cloneTime":0}],"testCaseObject":{"result":"FAILED","numOrder":17,"stackTrace":"\norg.openqa.selenium.NoSuchElementException: no such element: Unable to locate element: {\"method\":\"link text\",\"selector\":\"Enrol on a new course\"}\n  (Session info: headless chrome=72.0.3626.119)\n  (Driver info: chromedriver=2.46.628388 (4a34a70827ac54148e092aafb70504c4ea7ae926),platform=Linux 4.4.0-131-generic x86_64) (WARNING: The server did not provide any stacktrace information)\nCommand duration or timeout: 0 milliseconds\nFor documentation on this error, please visit: https://www.seleniumhq.org/exceptions/no_such_element.html\nBuild info: version: '3.141.59', revision: 'e82be7d358', time: '2018-11-14T08:17:03'\nSystem info: host: 'anonymous', ip: '127.0.1.1', os.name: 'Linux', os.arch: 'amd64', os.version: '4.4.0-131-generic', java.version: '1.8.0_201'\nDriver info: org.openqa.selenium.chrome.ChromeDriver\nCapabilities {acceptInsecureCerts: false, acceptSslCerts: false, applicationCacheEnabled: false, browserConnectionEnabled: false, browserName: chrome, chrome: {chromedriverVersion: 2.46.628388 (4a34a70827ac54..., userDataDir: /tmp/.org.chromium.Chromium...}, cssSelectorsEnabled: true, databaseEnabled: false, goog:chromeOptions: {debuggerAddress: localhost:37858}, handlesAlerts: true, hasTouchScreen: false, javascriptEnabled: true, locationContextEnabled: true, mobileEmulationEnabled: false, nativeEvents: true, networkConnectionEnabled: false, pageLoadStrategy: normal, platform: LINUX, platformName: LINUX, proxy: Proxy(), rotatable: false, setWindowRect: true, strictFileInteractability: false, takesHeapSnapshot: true, takesScreenshot: true, timeouts: {implicit: 0, pageLoad: 300000, script: 30000}, unexpectedAlertBehaviour: ignore, unhandledPromptBehavior: ignore, version: 72.0.3626.119, webStorageEnabled: true}\nSession ID: a93b3802143ed1f4525355d9b9faaf2c\n*** Element info: {Using=link text, value=Enrol on a new course}\n\tat sun.reflect.NativeConstructorAccessorImpl.newInstance0(Native Method)\n\tat sun.reflect.NativeConstructorAccessorImpl.newInstance(NativeConstructorAccessorImpl.java:62)\n\tat sun.reflect.DelegatingConstructorAccessorImpl.newInstance(DelegatingConstructorAccessorImpl.java:45)\n\tat java.lang.reflect.Constructor.newInstance(Constructor.java:423)\n\tat org.openqa.selenium.remote.ErrorHandler.createThrowable(ErrorHandler.java:214)\n\tat org.openqa.selenium.remote.ErrorHandler.throwIfResponseFailed(ErrorHandler.java:166)\n\tat org.openqa.selenium.remote.http.JsonHttpResponseCodec.reconstructValue(JsonHttpResponseCodec.java:40)\n\tat org.openqa.selenium.remote.http.AbstractHttpResponseCodec.decode(AbstractHttpResponseCodec.java:80)\n\tat org.openqa.selenium.remote.http.AbstractHttpResponseCodec.decode(AbstractHttpResponseCodec.java:44)\n\tat org.openqa.selenium.remote.HttpCommandExecutor.execute(HttpCommandExecutor.java:158)\n\tat org.openqa.selenium.remote.service.DriverCommandExecutor.execute(DriverCommandExecutor.java:83)\n\tat org.openqa.selenium.remote.RemoteWebDriver.execute(RemoteWebDriver.java:552)\n\tat org.openqa.selenium.remote.RemoteWebDriver.findElement(RemoteWebDriver.java:323)\n\tat org.openqa.selenium.remote.RemoteWebDriver.findElementByLinkText(RemoteWebDriver.java:380)\n\tat org.openqa.selenium.By$ByLinkText.findElement(By.java:220)\n\tat org.openqa.selenium.remote.RemoteWebDriver.findElement(RemoteWebDriver.java:315)\n\tat tests.EnrolMultipleUsersTest.testClarolineEnrolMultipleUsers(EnrolMultipleUsersTest.java:47)\n\tat sun.reflect.NativeMethodAccessorImpl.invoke0(Native Method)\n\tat sun.reflect.NativeMethodAccessorImpl.invoke(NativeMethodAccessorImpl.java:62)\n\tat sun.reflect.DelegatingMethodAccessorImpl.invoke(DelegatingMethodAccessorImpl.java:43)\n\tat java.lang.reflect.Method.invoke(Method.java:498)\n\tat org.testng.internal.MethodInvocationHelper.invokeMethod(MethodInvocationHelper.java:134)\n\tat org.testng.internal.TestInvoker.invokeMethod(TestInvoker.java:597)\n\tat org.testng.internal.TestInvoker.invokeTestMethod(TestInvoker.java:173)\n\tat org.testng.internal.MethodRunner.runInSequence(MethodRunner.java:46)\n\tat org.testng.internal.TestInvoker$MethodInvocationAgent.invoke(TestInvoker.java:816)\n\tat org.testng.internal.TestInvoker.invokeTestMethods(TestInvoker.java:146)\n\tat org.testng.internal.TestMethodWorker.invokeTestMethods(TestMethodWorker.java:146)\n\tat org.testng.internal.TestMethodWorker.run(TestMethodWorker.java:128)\n\tat java.util.ArrayList.forEach(ArrayList.java:1257)\n\tat org.testng.TestRunner.privateRun(TestRunner.java:766)\n\tat org.testng.TestRunner.run(TestRunner.java:587)\n\tat org.testng.SuiteRunner.runTest(SuiteRunner.java:384)\n\tat org.testng.SuiteRunner.runSequentially(SuiteRunner.java:378)\n\tat org.testng.SuiteRunner.privateRun(SuiteRunner.java:337)\n\tat org.testng.SuiteRunner.run(SuiteRunner.java:286)\n\tat org.testng.SuiteRunnerWorker.runSuite(SuiteRunnerWorker.java:53)\n\tat org.testng.SuiteRunnerWorker.run(SuiteRunnerWorker.java:96)\n\tat org.testng.TestNG.runSuitesSequentially(TestNG.java:1187)\n\tat org.testng.TestNG.runSuitesLocally(TestNG.java:1109)\n\tat org.testng.TestNG.runSuites(TestNG.java:1039)\n\tat org.testng.TestNG.run(TestNG.java:1007)\n\tat org.olianda.treeparallelizer.execution.testcases.RemotePrestartedTestNGExecutor.main(RemotePrestartedTestNGExecutor.java:78)\n","testCase":"EnrolMultipleUsersTest"},"killTime":0,"cloneTime":0}],"testCaseObject":{"result":"PASSED","numOrder":12,"testCase":"AddMultipleUsersTest"},"killTime":0,"cloneTime":0}],"testCaseObject":{"result":"PASSED","numOrder":9,"testCase":"AddCourseExerciseQuestionsTest"},"killTime":0.004,"cloneTime":1.39}],"testCaseObject":{"result":"PASSED","numOrder":8,"testCase":"MakeCourseExerciseVisibleTest"},"killTime":0,"cloneTime":0}],"testCaseObject":{"result":"PASSED","numOrder":7,"testCase":"AddCourseExerciseTest"},"killTime":0,"cloneTime":0},{"children":[{"children":[{"children":[],"testCaseObject":{"result":"FAILED","numOrder":19,"stackTrace":"\njava.lang.AssertionError: \n\tat org.testng.AssertJUnit.fail(AssertJUnit.java:47)\n\tat org.testng.AssertJUnit.assertTrue(AssertJUnit.java:20)\n\tat org.testng.AssertJUnit.assertTrue(AssertJUnit.java:26)\n\tat tests.RemoveEnrolMultipleUsersTest.testClarolineRemoveEnrolMultipleUsers(RemoveEnrolMultipleUsersTest.java:38)\n\tat sun.reflect.NativeMethodAccessorImpl.invoke0(Native Method)\n\tat sun.reflect.NativeMethodAccessorImpl.invoke(NativeMethodAccessorImpl.java:62)\n\tat sun.reflect.DelegatingMethodAccessorImpl.invoke(DelegatingMethodAccessorImpl.java:43)\n\tat java.lang.reflect.Method.invoke(Method.java:498)\n\tat org.testng.internal.MethodInvocationHelper.invokeMethod(MethodInvocationHelper.java:134)\n\tat org.testng.internal.TestInvoker.invokeMethod(TestInvoker.java:597)\n\tat org.testng.internal.TestInvoker.invokeTestMethod(TestInvoker.java:173)\n\tat org.testng.internal.MethodRunner.runInSequence(MethodRunner.java:46)\n\tat org.testng.internal.TestInvoker$MethodInvocationAgent.invoke(TestInvoker.java:816)\n\tat org.testng.internal.TestInvoker.invokeTestMethods(TestInvoker.java:146)\n\tat org.testng.internal.TestMethodWorker.invokeTestMethods(TestMethodWorker.java:146)\n\tat org.testng.internal.TestMethodWorker.run(TestMethodWorker.java:128)\n\tat java.util.ArrayList.forEach(ArrayList.java:1257)\n\tat org.testng.TestRunner.privateRun(TestRunner.java:766)\n\tat org.testng.TestRunner.run(TestRunner.java:587)\n\tat org.testng.SuiteRunner.runTest(SuiteRunner.java:384)\n\tat org.testng.SuiteRunner.runSequentially(SuiteRunner.java:378)\n\tat org.testng.SuiteRunner.privateRun(SuiteRunner.java:337)\n\tat org.testng.SuiteRunner.run(SuiteRunner.java:286)\n\tat org.testng.SuiteRunnerWorker.runSuite(SuiteRunnerWorker.java:53)\n\tat org.testng.SuiteRunnerWorker.run(SuiteRunnerWorker.java:96)\n\tat org.testng.TestNG.runSuitesSequentially(TestNG.java:1187)\n\tat org.testng.TestNG.runSuitesLocally(TestNG.java:1109)\n\tat org.testng.TestNG.runSuites(TestNG.java:1039)\n\tat org.testng.TestNG.run(TestNG.java:1007)\n\tat org.olianda.treeparallelizer.execution.testcases.RemotePrestartedTestNGExecutor.main(RemotePrestartedTestNGExecutor.java:78)\n","testCase":"RemoveEnrolMultipleUsersTest"},"killTime":0.382,"cloneTime":0}],"testCaseObject":{"result":"FAILED","numOrder":17,"stackTrace":"\norg.openqa.selenium.NoSuchElementException: no such element: Unable to locate element: {\"method\":\"link text\",\"selector\":\"Enrol on a new course\"}\n  (Session info: headless chrome=72.0.3626.119)\n  (Driver info: chromedriver=2.46.628388 (4a34a70827ac54148e092aafb70504c4ea7ae926),platform=Linux 4.4.0-131-generic x86_64) (WARNING: The server did not provide any stacktrace information)\nCommand duration or timeout: 0 milliseconds\nFor documentation on this error, please visit: https://www.seleniumhq.org/exceptions/no_such_element.html\nBuild info: version: '3.141.59', revision: 'e82be7d358', time: '2018-11-14T08:17:03'\nSystem info: host: 'anonymous', ip: '127.0.1.1', os.name: 'Linux', os.arch: 'amd64', os.version: '4.4.0-131-generic', java.version: '1.8.0_201'\nDriver info: org.openqa.selenium.chrome.ChromeDriver\nCapabilities {acceptInsecureCerts: false, acceptSslCerts: false, applicationCacheEnabled: false, browserConnectionEnabled: false, browserName: chrome, chrome: {chromedriverVersion: 2.46.628388 (4a34a70827ac54..., userDataDir: /tmp/.org.chromium.Chromium...}, cssSelectorsEnabled: true, databaseEnabled: false, goog:chromeOptions: {debuggerAddress: localhost:34570}, handlesAlerts: true, hasTouchScreen: false, javascriptEnabled: true, locationContextEnabled: true, mobileEmulationEnabled: false, nativeEvents: true, networkConnectionEnabled: false, pageLoadStrategy: normal, platform: LINUX, platformName: LINUX, proxy: Proxy(), rotatable: false, setWindowRect: true, strictFileInteractability: false, takesHeapSnapshot: true, takesScreenshot: true, timeouts: {implicit: 0, pageLoad: 300000, script: 30000}, unexpectedAlertBehaviour: ignore, unhandledPromptBehavior: ignore, version: 72.0.3626.119, webStorageEnabled: true}\nSession ID: 826f857239400495d9f473fa321fc3f8\n*** Element info: {Using=link text, value=Enrol on a new course}\n\tat sun.reflect.NativeConstructorAccessorImpl.newInstance0(Native Method)\n\tat sun.reflect.NativeConstructorAccessorImpl.newInstance(NativeConstructorAccessorImpl.java:62)\n\tat sun.reflect.DelegatingConstructorAccessorImpl.newInstance(DelegatingConstructorAccessorImpl.java:45)\n\tat java.lang.reflect.Constructor.newInstance(Constructor.java:423)\n\tat org.openqa.selenium.remote.ErrorHandler.createThrowable(ErrorHandler.java:214)\n\tat org.openqa.selenium.remote.ErrorHandler.throwIfResponseFailed(ErrorHandler.java:166)\n\tat org.openqa.selenium.remote.http.JsonHttpResponseCodec.reconstructValue(JsonHttpResponseCodec.java:40)\n\tat org.openqa.selenium.remote.http.AbstractHttpResponseCodec.decode(AbstractHttpResponseCodec.java:80)\n\tat org.openqa.selenium.remote.http.AbstractHttpResponseCodec.decode(AbstractHttpResponseCodec.java:44)\n\tat org.openqa.selenium.remote.HttpCommandExecutor.execute(HttpCommandExecutor.java:158)\n\tat org.openqa.selenium.remote.service.DriverCommandExecutor.execute(DriverCommandExecutor.java:83)\n\tat org.openqa.selenium.remote.RemoteWebDriver.execute(RemoteWebDriver.java:552)\n\tat org.openqa.selenium.remote.RemoteWebDriver.findElement(RemoteWebDriver.java:323)\n\tat org.openqa.selenium.remote.RemoteWebDriver.findElementByLinkText(RemoteWebDriver.java:380)\n\tat org.openqa.selenium.By$ByLinkText.findElement(By.java:220)\n\tat org.openqa.selenium.remote.RemoteWebDriver.findElement(RemoteWebDriver.java:315)\n\tat tests.EnrolMultipleUsersTest.testClarolineEnrolMultipleUsers(EnrolMultipleUsersTest.java:47)\n\tat sun.reflect.NativeMethodAccessorImpl.invoke0(Native Method)\n\tat sun.reflect.NativeMethodAccessorImpl.invoke(NativeMethodAccessorImpl.java:62)\n\tat sun.reflect.DelegatingMethodAccessorImpl.invoke(DelegatingMethodAccessorImpl.java:43)\n\tat java.lang.reflect.Method.invoke(Method.java:498)\n\tat org.testng.internal.MethodInvocationHelper.invokeMethod(MethodInvocationHelper.java:134)\n\tat org.testng.internal.TestInvoker.invokeMethod(TestInvoker.java:597)\n\tat org.testng.internal.TestInvoker.invokeTestMethod(TestInvoker.java:173)\n\tat org.testng.internal.MethodRunner.runInSequence(MethodRunner.java:46)\n\tat org.testng.internal.TestInvoker$MethodInvocationAgent.invoke(TestInvoker.java:816)\n\tat org.testng.internal.TestInvoker.invokeTestMethods(TestInvoker.java:146)\n\tat org.testng.internal.TestMethodWorker.invokeTestMethods(TestMethodWorker.java:146)\n\tat org.testng.internal.TestMethodWorker.run(TestMethodWorker.java:128)\n\tat java.util.ArrayList.forEach(ArrayList.java:1257)\n\tat org.testng.TestRunner.privateRun(TestRunner.java:766)\n\tat org.testng.TestRunner.run(TestRunner.java:587)\n\tat org.testng.SuiteRunner.runTest(SuiteRunner.java:384)\n\tat org.testng.SuiteRunner.runSequentially(SuiteRunner.java:378)\n\tat org.testng.SuiteRunner.privateRun(SuiteRunner.java:337)\n\tat org.testng.SuiteRunner.run(SuiteRunner.java:286)\n\tat org.testng.SuiteRunnerWorker.runSuite(SuiteRunnerWorker.java:53)\n\tat org.testng.SuiteRunnerWorker.run(SuiteRunnerWorker.java:96)\n\tat org.testng.TestNG.runSuitesSequentially(TestNG.java:1187)\n\tat org.testng.TestNG.runSuitesLocally(TestNG.java:1109)\n\tat org.testng.TestNG.runSuites(TestNG.java:1039)\n\tat org.testng.TestNG.run(TestNG.java:1007)\n\tat org.olianda.treeparallelizer.execution.testcases.RemotePrestartedTestNGExecutor.main(RemotePrestartedTestNGExecutor.java:78)\n","testCase":"EnrolMultipleUsersTest"},"killTime":0,"cloneTime":0}],"testCaseObject":{"result":"PASSED","numOrder":12,"testCase":"AddMultipleUsersTest"},"killTime":0,"cloneTime":0},{"children":[],"testCaseObject":{"result":"PASSED","numOrder":37,"testCase":"RemoveEnrolUserTest"},"killTime":0.325,"cloneTime":0}],"testCaseObject":{"result":"PASSED","numOrder":5,"testCase":"EnrolUserTest"},"killTime":0.005,"cloneTime":3.705}],"testCaseObject":{"result":"PASSED","numOrder":3,"testCase":"AddCourseTest"},"killTime":0,"cloneTime":0},{"children":[{"children":[],"testCaseObject":{"result":"PASSED","numOrder":13,"testCase":"SearchMultipleUsersTest"},"killTime":0.33,"cloneTime":0},{"children":[],"testCaseObject":{"result":"PASSED","numOrder":14,"testCase":"SearchStudentTest"},"killTime":0.997,"cloneTime":0},{"children":[],"testCaseObject":{"result":"PASSED","numOrder":15,"testCase":"SearchTeacherTest"},"killTime":0.647,"cloneTime":0},{"children":[],"testCaseObject":{"result":"PASSED","numOrder":20,"testCase":"RemoveMultipleUsersTest"},"killTime":0.368,"cloneTime":0}],"testCaseObject":{"result":"PASSED","numOrder":12,"testCase":"AddMultipleUsersTest"},"killTime":0.002,"cloneTime":5.397},{"children":[],"testCaseObject":{"result":"PASSED","numOrder":23,"testCase":"AddTwiceUserTest"},"killTime":0.395,"cloneTime":0},{"children":[{"children":[],"testCaseObject":{"result":"PASSED","numOrder":27,"testCase":"EnrolDeniedCourseTest"},"killTime":0.371,"cloneTime":0}],"testCaseObject":{"result":"PASSED","numOrder":26,"testCase":"AddDeniedCourseTest"},"killTime":0,"cloneTime":0},{"children":[{"children":[],"testCaseObject":{"result":"PASSED","numOrder":29,"testCase":"EnrolPasswordCourseWrongPasswordUserTest"},"killTime":0.377,"cloneTime":0},{"children":[],"testCaseObject":{"result":"PASSED","numOrder":30,"testCase":"EnrolPasswordCourseGoodPasswordUserTest"},"killTime":0.344,"cloneTime":0}],"testCaseObject":{"result":"PASSED","numOrder":28,"testCase":"AddPasswordCourseTest"},"killTime":0.016,"cloneTime":2.341},{"children":[],"testCaseObject":{"result":"PASSED","numOrder":38,"testCase":"RemoveUserTest"},"killTime":0.353,"cloneTime":0}],"testCaseObject":{"result":"PASSED","numOrder":0,"testCase":"AddUserTest"},"killTime":0.008,"cloneTime":24.293},{"children":[{"children":[],"testCaseObject":{"result":"PASSED","numOrder":4,"testCase":"SearchCourseTest"},"killTime":0.439,"cloneTime":0},{"children":[],"testCaseObject":{"result":"PASSED","numOrder":31,"testCase":"SearchAllowedCourseTest"},"killTime":0.367,"cloneTime":0},{"children":[{"children":[{"children":[],"testCaseObject":{"result":"PASSED","numOrder":34,"testCase":"RemoveCourseExerciseQuestionsTest"},"killTime":0.305,"cloneTime":0}],"testCaseObject":{"result":"PASSED","numOrder":9,"testCase":"AddCourseExerciseQuestionsTest"},"killTime":0,"cloneTime":0},{"children":[],"testCaseObject":{"result":"PASSED","numOrder":36,"testCase":"RemoveCourseExerciseTest"},"killTime":0.363,"cloneTime":0}],"testCaseObject":{"result":"PASSED","numOrder":7,"testCase":"AddCourseExerciseTest"},"killTime":0.005,"cloneTime":2.127},{"children":[{"children":[],"testCaseObject":{"result":"PASSED","numOrder":35,"testCase":"RemoveCourseEventTest"},"killTime":0.375,"cloneTime":0}],"testCaseObject":{"result":"PASSED","numOrder":6,"testCase":"AddCourseEventTest"},"killTime":0,"cloneTime":0},{"children":[],"testCaseObject":{"result":"PASSED","numOrder":39,"testCase":"RemoveCourseTest"},"killTime":0.559,"cloneTime":0}],"testCaseObject":{"result":"PASSED","numOrder":3,"testCase":"AddCourseTest"},"killTime":0.004,"cloneTime":16.591},{"children":[],"testCaseObject":{"result":"PASSED","numOrder":16,"testCase":"SearchAdminTest"},"killTime":2.819,"cloneTime":0},{"children":[],"testCaseObject":{"result":"PASSED","numOrder":21,"testCase":"AddEmptyUserTest"},"killTime":2.258,"cloneTime":0},{"children":[],"testCaseObject":{"result":"PASSED","numOrder":22,"testCase":"AddWrongEmailUserTest"},"killTime":2.282,"cloneTime":0},{"children":[],"testCaseObject":{"result":"PASSED","numOrder":24,"testCase":"AddWrongPasswordUserTest"},"killTime":0.372,"cloneTime":0},{"children":[],"testCaseObject":{"result":"PASSED","numOrder":25,"testCase":"AddEmptyCourseTest"},"killTime":1.755,"cloneTime":0},{"children":[{"children":[],"testCaseObject":{"result":"PASSED","numOrder":32,"testCase":"SearchAndRemovePasswordCourseTest"},"killTime":1.208,"cloneTime":0}],"testCaseObject":{"result":"PASSED","numOrder":28,"testCase":"AddPasswordCourseTest"},"killTime":0,"cloneTime":0},{"children":[{"children":[],"testCaseObject":{"result":"PASSED","numOrder":33,"testCase":"SearchAndRemoveDeniedCourseTest"},"killTime":4.105,"cloneTime":0}],"testCaseObject":{"result":"PASSED","numOrder":26,"testCase":"AddDeniedCourseTest"},"killTime":0,"cloneTime":0}],"testCaseObject":{"result":"NOTEXEC","numOrder":-1,"testCase":"root"},"killTime":0,"cloneTime":23.753}