{"children":[{"children":[{"children":[{"children":[],"testCaseObject":{"result":"PASSED","numOrder":2,"testCase":"CheckBuildingRoomTest"},"killTime":0.341,"cloneTime":0},{"children":[{"children":[],"testCaseObject":{"result":"PASSED","numOrder":4,"testCase":"CheckEntryTest"},"killTime":0.358,"cloneTime":0},{"children":[],"testCaseObject":{"result":"PASSED","numOrder":8,"testCase":"RemoveEntryTest"},"killTime":0.342,"cloneTime":0}],"testCaseObject":{"result":"PASSED","numOrder":3,"testCase":"AddEntryTest"},"killTime":0.003,"cloneTime":1.745},{"children":[],"testCaseObject":{"result":"PASSED","numOrder":10,"testCase":"AddMultipleEntriesSameRoomDifferentDaysTest"},"killTime":0.367,"cloneTime":0},{"children":[{"children":[],"testCaseObject":{"result":"PASSED","numOrder":11,"testCase":"SearchMultipleEntriesTest"},"killTime":2.726,"cloneTime":0}],"testCaseObject":{"result":"PASSED","numOrder":9,"testCase":"AddMultipleEntriesSameRoomSameDayTest"},"killTime":0,"cloneTime":0},{"children":[{"children":[{"children":[],"testCaseObject":{"result":"PASSED","numOrder":14,"testCase":"CheckMultipleBuildingRoomsTest"},"killTime":0.346,"cloneTime":0},{"children":[{"children":[{"children":[],"testCaseObject":{"result":"FAILED","numOrder":17,"stackTrace":"\norg.openqa.selenium.NoSuchElementException: no such element: Unable to locate element: {\"method\":\"xpath\",\"selector\":\".//*[@id='logon_box']/form/div/input[3]\"}\n  (Session info: headless chrome=72.0.3626.119)\n  (Driver info: chromedriver=2.46.628388 (4a34a70827ac54148e092aafb70504c4ea7ae926),platform=Linux 4.4.0-131-generic x86_64) (WARNING: The server did not provide any stacktrace information)\nCommand duration or timeout: 5.10 seconds\nFor documentation on this error, please visit: http://seleniumhq.org/exceptions/no_such_element.html\nBuild info: version: '3.4.0', revision: 'unknown', time: 'unknown'\nSystem info: host: 'anonymous', ip: '127.0.1.1', os.name: 'Linux', os.arch: 'amd64', os.version: '4.4.0-131-generic', java.version: '1.8.0_201'\nDriver info: org.openqa.selenium.chrome.ChromeDriver\nCapabilities [{mobileEmulationEnabled=false, timeouts={implicit=0.0, pageLoad=300000.0, script=30000.0}, hasTouchScreen=false, platform=LINUX, acceptSslCerts=false, goog:chromeOptions={debuggerAddress=localhost:43528}, acceptInsecureCerts=false, webStorageEnabled=true, browserName=chrome, takesScreenshot=true, javascriptEnabled=true, setWindowRect=true, unexpectedAlertBehaviour=ignore, applicationCacheEnabled=false, rotatable=false, networkConnectionEnabled=false, chrome={chromedriverVersion=2.46.628388 (4a34a70827ac54148e092aafb70504c4ea7ae926), userDataDir=/tmp/.org.chromium.Chromium.xTUSai}, takesHeapSnapshot=true, pageLoadStrategy=normal, strictFileInteractability=false, databaseEnabled=false, handlesAlerts=true, version=72.0.3626.119, browserConnectionEnabled=false, proxy=Proxy(), nativeEvents=true, locationContextEnabled=true, cssSelectorsEnabled=true}]\nSession ID: a6f320e481a05d77b33652f54adcca7e\n*** Element info: {Using=xpath, value=.//*[@id='logon_box']/form/div/input[3]}\n\tat sun.reflect.NativeConstructorAccessorImpl.newInstance0(Native Method)\n\tat sun.reflect.NativeConstructorAccessorImpl.newInstance(NativeConstructorAccessorImpl.java:62)\n\tat sun.reflect.DelegatingConstructorAccessorImpl.newInstance(DelegatingConstructorAccessorImpl.java:45)\n\tat java.lang.reflect.Constructor.newInstance(Constructor.java:423)\n\tat org.openqa.selenium.remote.ErrorHandler.createThrowable(ErrorHandler.java:215)\n\tat org.openqa.selenium.remote.ErrorHandler.throwIfResponseFailed(ErrorHandler.java:167)\n\tat org.openqa.selenium.remote.RemoteWebDriver.execute(RemoteWebDriver.java:671)\n\tat org.openqa.selenium.remote.RemoteWebDriver.findElement(RemoteWebDriver.java:410)\n\tat org.openqa.selenium.remote.RemoteWebDriver.findElementByXPath(RemoteWebDriver.java:509)\n\tat org.openqa.selenium.By$ByXPath.findElement(By.java:361)\n\tat org.openqa.selenium.remote.RemoteWebDriver.findElement(RemoteWebDriver.java:402)\n\tat tests.CheckMultipleEntriesTest.testCheckMultipleEntries(CheckMultipleEntriesTest.java:33)\n\tat sun.reflect.NativeMethodAccessorImpl.invoke0(Native Method)\n\tat sun.reflect.NativeMethodAccessorImpl.invoke(NativeMethodAccessorImpl.java:62)\n\tat sun.reflect.DelegatingMethodAccessorImpl.invoke(DelegatingMethodAccessorImpl.java:43)\n\tat java.lang.reflect.Method.invoke(Method.java:498)\n\tat org.testng.internal.MethodInvocationHelper.invokeMethod(MethodInvocationHelper.java:134)\n\tat org.testng.internal.TestInvoker.invokeMethod(TestInvoker.java:597)\n\tat org.testng.internal.TestInvoker.invokeTestMethod(TestInvoker.java:173)\n\tat org.testng.internal.MethodRunner.runInSequence(MethodRunner.java:46)\n\tat org.testng.internal.TestInvoker$MethodInvocationAgent.invoke(TestInvoker.java:816)\n\tat org.testng.internal.TestInvoker.invokeTestMethods(TestInvoker.java:146)\n\tat org.testng.internal.TestMethodWorker.invokeTestMethods(TestMethodWorker.java:146)\n\tat org.testng.internal.TestMethodWorker.run(TestMethodWorker.java:128)\n\tat java.util.ArrayList.forEach(ArrayList.java:1257)\n\tat org.testng.TestRunner.privateRun(TestRunner.java:766)\n\tat org.testng.TestRunner.run(TestRunner.java:587)\n\tat org.testng.SuiteRunner.runTest(SuiteRunner.java:384)\n\tat org.testng.SuiteRunner.runSequentially(SuiteRunner.java:378)\n\tat org.testng.SuiteRunner.privateRun(SuiteRunner.java:337)\n\tat org.testng.SuiteRunner.run(SuiteRunner.java:286)\n\tat org.testng.SuiteRunnerWorker.runSuite(SuiteRunnerWorker.java:53)\n\tat org.testng.SuiteRunnerWorker.run(SuiteRunnerWorker.java:96)\n\tat org.testng.TestNG.runSuitesSequentially(TestNG.java:1187)\n\tat org.testng.TestNG.runSuitesLocally(TestNG.java:1109)\n\tat org.testng.TestNG.runSuites(TestNG.java:1039)\n\tat org.testng.TestNG.run(TestNG.java:1007)\n\tat org.olianda.treeparallelizer.execution.testcases.RemotePrestartedTestNGExecutor.main(RemotePrestartedTestNGExecutor.java:82)\n","testCase":"CheckMultipleEntriesTest"},"killTime":0.285,"cloneTime":0},{"children":[],"testCaseObject":{"result":"PASSED","numOrder":18,"testCase":"RemoveMultipleEntriesTest"},"killTime":0.365,"cloneTime":0}],"testCaseObject":{"result":"PASSED","numOrder":16,"testCase":"AddMultipleEntriesDifferentRoomsDifferentDaysTest"},"killTime":0.002,"cloneTime":1.309}],"testCaseObject":{"result":"PASSED","numOrder":15,"testCase":"AddMultipleEntriesDifferentRoomsSameDayTest"},"killTime":0,"cloneTime":0},{"children":[],"testCaseObject":{"result":"PASSED","numOrder":19,"testCase":"RemoveMultipleRoomsTest"},"killTime":0.846,"cloneTime":0}],"testCaseObject":{"result":"PASSED","numOrder":13,"testCase":"AddMultipleRoomsTest"},"killTime":0.008,"cloneTime":2.609}],"testCaseObject":{"result":"PASSED","numOrder":12,"testCase":"RemoveRoomTest"},"killTime":0,"cloneTime":0}],"testCaseObject":{"result":"PASSED","numOrder":1,"testCase":"AddRoomTest"},"killTime":0.006,"cloneTime":7.276},{"children":[],"testCaseObject":{"result":"PASSED","numOrder":6,"testCase":"AddLongNameRoomNegativeTest"},"killTime":1.566,"cloneTime":0},{"children":[],"testCaseObject":{"result":"PASSED","numOrder":20,"testCase":"AddAndRemoveSerialEntryTest"},"killTime":0.388,"cloneTime":0},{"children":[],"testCaseObject":{"result":"PASSED","numOrder":21,"testCase":"RemoveBuildingTest"},"killTime":0.393,"cloneTime":0}],"testCaseObject":{"result":"PASSED","numOrder":0,"testCase":"AddBuildingTest"},"killTime":0.049,"cloneTime":6.853},{"children":[],"testCaseObject":{"result":"PASSED","numOrder":5,"testCase":"AddLongNameBuildingNegativeTest"},"killTime":0.903,"cloneTime":0},{"children":[],"testCaseObject":{"result":"PASSED","numOrder":7,"testCase":"SearchEntryNegativeTest"},"killTime":1.673,"cloneTime":0}],"testCaseObject":{"result":"NOTEXEC","numOrder":-1,"testCase":"root"},"killTime":0,"cloneTime":10.131}