<?xml version="1.0" encoding="UTF-8"?>
<!-- Generated by org.testng.reporters.JUnitXMLReporter -->
<testsuite hostname="anonymous" ignored="0" name="AddIssueEmptyTest" tests="1" failures="1" timestamp="2020-06-30T06:18:54 PDT" time="10.572" errors="0">
  <testcase name="testMantisBTAddIssueEmpty" time="4.421" classname="tests.AddIssueEmptyTest">
    <failure type="java.lang.AssertionError" message="expected:&amp;lt;A necessary field &amp;quot;Summary&amp;quot; was empty. Please recheck your inputs.&amp;gt; but was:&amp;lt;A required parameter to this page (project_id) was not found.&amp;gt;">
      <![CDATA[java.lang.AssertionError: expected:<A necessary field "Summary" was empty. Please recheck your inputs.> but was:<A required parameter to this page (project_id) was not found.>
at tests.AddIssueEmptyTest.testMantisBTAddIssueEmpty(AddIssueEmptyTest.java:38)
at java.util.ArrayList.forEach(ArrayList.java:1257)
at org.olianda.treeparallelizer.execution.testcases.TestCaseExecutor.run(TestCaseExecutor.java:56)
at org.olianda.treeparallelizer.execution.NodeExecutor.run(NodeExecutor.java:28)
... Removed 26 stack frames]]>
    </failure>
  </testcase> <!-- testMantisBTAddIssueEmpty -->
</testsuite> <!-- AddIssueEmptyTest -->
